<?xml version="1.0" encoding="UTF-8"?>
<!-- Generated by org.testng.reporters.JUnitReportReporter -->
<testsuite skipped="0" hostname="EMB-BAN-254" name="TestCases.GuestUser" tests="8" failures="0" timestamp="23 Jul 2018 10:51:58 GMT" time="312.555" errors="0">
  <testcase name="Guest_User_CheckOut_Frm_MiniCart" time="2.622" classname="TestCases.GuestUser"/>
  <testcase name="Guest_User_CheckOut_Frm_MiniCart" time="20.843" classname="TestCases.GuestUser"/>
  <testcase name="Guest_User_SearchResult_MiniCart_VAlidations" time="72.254" classname="TestCases.GuestUser"/>
  <testcase name="Verify_Home_Screen_Header_Footer" time="0.521" classname="TestCases.GuestUser"/>
  <testcase name="Search_Result_Display" time="27.046" classname="TestCases.GuestUser"/>
  <testcase name="Guest_User_BrowseCategory_MiniCart_Validations" time="48.507" classname="TestCases.GuestUser"/>
  <testcase name="Guest_User_CheckOut_Frm_MiniCart" time="128.617" classname="TestCases.GuestUser"/>
  <testcase name="Browse_Categories" time="12.145" classname="TestCases.GuestUser"/>
</testsuite> <!-- TestCases.GuestUser -->
